2024-06-24 18:08:06,499 p=3444395 u=upszot n=ansible | [WARNING]: A duplicate localhost-like entry was found (localhost). First found localhost was 127.0.0.1

2024-06-24 18:08:06,598 p=3444395 u=upszot n=ansible | PLAY [all] **********************************************************************************************************************************************************************************************************************************
2024-06-24 18:08:06,609 p=3444395 u=upszot n=ansible | TASK [Gathering Facts] **********************************************************************************************************************************************************************************************************************
2024-06-24 18:08:07,746 p=3444395 u=upszot n=ansible | ok: [localhost]
2024-06-24 18:08:07,775 p=3444395 u=upszot n=ansible | TASK [include_role : 2do_parcial] ***********************************************************************************************************************************************************************************************************
2024-06-24 18:08:07,805 p=3444395 u=upszot n=ansible | TASK [2do_parcial : debug] ******************************************************************************************************************************************************************************************************************
2024-06-24 18:08:07,817 p=3444395 u=upszot n=ansible | ok: [localhost] => {
    "msg": "Tareas del 2do Parcial"
}
2024-06-24 18:08:07,836 p=3444395 u=upszot n=ansible | TASK [Otra tarea] ***************************************************************************************************************************************************************************************************************************
2024-06-24 18:08:07,851 p=3444395 u=upszot n=ansible | ok: [localhost] => {
    "msg": "Despues de la ejecucion del rol"
}
2024-06-24 18:08:07,885 p=3444395 u=upszot n=ansible | PLAY RECAP **********************************************************************************************************************************************************************************************************************************
2024-06-24 18:08:07,885 p=3444395 u=upszot n=ansible | localhost                  : ok=3    changed=0    unreachable=0    failed=0    skipped=0    rescued=0    ignored=0   
2025-06-25 03:47:19,799 p=15042 u=tsalaberry n=ansible | [WARNING]: A duplicate localhost-like entry was found (localhost). First found localhost was 127.0.0.1

2025-06-25 03:47:20,338 p=15042 u=tsalaberry n=ansible | PLAY [all] *****************************************************************************************************************************************************************************
2025-06-25 03:47:20,374 p=15042 u=tsalaberry n=ansible | TASK [Gathering Facts] *****************************************************************************************************************************************************************
2025-06-25 03:47:20,424 p=15042 u=tsalaberry n=ansible | fatal: [127.0.0.1]: UNREACHABLE! => {"changed": false, "msg": "Failed to connect to the host via ssh: ssh: connect to host 127.0.0.1 port 22: Connection refused", "unreachable": true}
2025-06-25 03:47:21,912 p=15042 u=tsalaberry n=ansible | [WARNING]: Platform linux on host localhost is using the discovered Python interpreter at /usr/bin/python3.12, but future installation of another Python interpreter could change the
meaning of that path. See https://docs.ansible.com/ansible-core/2.17/reference_appendices/interpreter_discovery.html for more information.

2025-06-25 03:47:21,912 p=15042 u=tsalaberry n=ansible | ok: [localhost]
2025-06-25 03:47:21,919 p=15042 u=tsalaberry n=ansible | TASK [include_role : 2do_parcial] ******************************************************************************************************************************************************
2025-06-25 03:47:21,964 p=15042 u=tsalaberry n=ansible | ERROR! conflicting action statements: nmae, file

The error appears to be in '/home/tsalaberry/UTN-FRA_SO_Examenes/202406/ansible/roles/2do_parcial/tasks/main.yml': line 18, column 3, but may
be elsewhere in the file depending on the exact syntax problem.

The offending line appears to be:


- nmae: Crear subcarpeta equipo
  ^ here

2025-06-25 03:52:47,814 p=15401 u=tsalaberry n=ansible | [WARNING]: A duplicate localhost-like entry was found (localhost). First found localhost was 127.0.0.1

2025-06-25 03:52:47,995 p=15401 u=tsalaberry n=ansible | PLAY [produccion] **********************************************************************************************************************************************************************
2025-06-25 03:52:48,010 p=15401 u=tsalaberry n=ansible | TASK [Gathering Facts] *****************************************************************************************************************************************************************
2025-06-25 03:52:49,484 p=15401 u=tsalaberry n=ansible | [WARNING]: Platform linux on host localhost is using the discovered Python interpreter at /usr/bin/python3.12, but future installation of another Python interpreter could change the
meaning of that path. See https://docs.ansible.com/ansible-core/2.17/reference_appendices/interpreter_discovery.html for more information.

2025-06-25 03:52:49,487 p=15401 u=tsalaberry n=ansible | ok: [localhost]
2025-06-25 03:52:49,506 p=15401 u=tsalaberry n=ansible | TASK [include_role : 2do_parcial] ******************************************************************************************************************************************************
2025-06-25 03:52:49,534 p=15401 u=tsalaberry n=ansible | ERROR! conflicting action statements: nmae, file

The error appears to be in '/home/tsalaberry/UTN-FRA_SO_Examenes/202406/ansible/roles/2do_parcial/tasks/main.yml': line 18, column 3, but may
be elsewhere in the file depending on the exact syntax problem.

The offending line appears to be:


- nmae: Crear subcarpeta equipo
  ^ here

2025-06-25 03:53:22,193 p=15559 u=tsalaberry n=ansible | [WARNING]: A duplicate localhost-like entry was found (localhost). First found localhost was 127.0.0.1

2025-06-25 03:53:22,328 p=15559 u=tsalaberry n=ansible | PLAY [produccion] **********************************************************************************************************************************************************************
2025-06-25 03:53:22,337 p=15559 u=tsalaberry n=ansible | TASK [Gathering Facts] *****************************************************************************************************************************************************************
2025-06-25 03:53:23,552 p=15559 u=tsalaberry n=ansible | [WARNING]: Platform linux on host localhost is using the discovered Python interpreter at /usr/bin/python3.12, but future installation of another Python interpreter could change the
meaning of that path. See https://docs.ansible.com/ansible-core/2.17/reference_appendices/interpreter_discovery.html for more information.

2025-06-25 03:53:23,552 p=15559 u=tsalaberry n=ansible | ok: [localhost]
2025-06-25 03:53:23,557 p=15559 u=tsalaberry n=ansible | TASK [include_role : 2do_parcial] ******************************************************************************************************************************************************
2025-06-25 03:53:23,602 p=15559 u=tsalaberry n=ansible | included: 2do_parcial for localhost
2025-06-25 03:53:23,612 p=15559 u=tsalaberry n=ansible | TASK [2do_parcial : debug] *************************************************************************************************************************************************************
2025-06-25 03:53:23,634 p=15559 u=tsalaberry n=ansible | ok: [localhost] => {
    "msg": "Tareas del 2do Parcial"
}
2025-06-25 03:53:23,640 p=15559 u=tsalaberry n=ansible | TASK [2do_parcial : Crear carpeta base /tmp/2do_parcial] *******************************************************************************************************************************
2025-06-25 03:53:23,967 p=15559 u=tsalaberry n=ansible | changed: [localhost]
2025-06-25 03:53:23,975 p=15559 u=tsalaberry n=ansible | TASK [2do_parcial : Crear subcarpeta alumno] *******************************************************************************************************************************************
2025-06-25 03:53:24,213 p=15559 u=tsalaberry n=ansible | changed: [localhost]
2025-06-25 03:53:24,218 p=15559 u=tsalaberry n=ansible | TASK [2do_parcial : Crear subcarpeta equipo] *******************************************************************************************************************************************
2025-06-25 03:53:24,464 p=15559 u=tsalaberry n=ansible | changed: [localhost]
2025-06-25 03:53:24,473 p=15559 u=tsalaberry n=ansible | TASK [Otra tarea] **********************************************************************************************************************************************************************
2025-06-25 03:53:24,491 p=15559 u=tsalaberry n=ansible | ok: [localhost] => {
    "msg": "Despues de la ejecucion del rol"
}
2025-06-25 03:53:24,493 p=15559 u=tsalaberry n=ansible | PLAY RECAP *****************************************************************************************************************************************************************************
2025-06-25 03:53:24,493 p=15559 u=tsalaberry n=ansible | localhost                  : ok=7    changed=3    unreachable=0    failed=0    skipped=0    rescued=0    ignored=0   
2025-06-25 04:09:43,417 p=16310 u=tsalaberry n=ansible | [WARNING]: A duplicate localhost-like entry was found (localhost). First found localhost was 127.0.0.1

2025-06-25 04:09:43,552 p=16310 u=tsalaberry n=ansible | PLAY [produccion] **********************************************************************************************************************************************************************
2025-06-25 04:09:43,566 p=16310 u=tsalaberry n=ansible | TASK [Gathering Facts] *****************************************************************************************************************************************************************
2025-06-25 04:09:44,854 p=16310 u=tsalaberry n=ansible | [WARNING]: Platform linux on host localhost is using the discovered Python interpreter at /usr/bin/python3.12, but future installation of another Python interpreter could change the
meaning of that path. See https://docs.ansible.com/ansible-core/2.17/reference_appendices/interpreter_discovery.html for more information.

2025-06-25 04:09:44,854 p=16310 u=tsalaberry n=ansible | ok: [localhost]
2025-06-25 04:09:44,860 p=16310 u=tsalaberry n=ansible | TASK [include_role : 2do_parcial] ******************************************************************************************************************************************************
2025-06-25 04:09:44,892 p=16310 u=tsalaberry n=ansible | included: 2do_parcial for localhost
2025-06-25 04:09:44,897 p=16310 u=tsalaberry n=ansible | TASK [2do_parcial : debug] *************************************************************************************************************************************************************
2025-06-25 04:09:44,914 p=16310 u=tsalaberry n=ansible | ok: [localhost] => {
    "msg": "Tareas del 2do Parcial"
}
2025-06-25 04:09:44,919 p=16310 u=tsalaberry n=ansible | TASK [2do_parcial : Crear carpeta base /tmp/2do_parcial] *******************************************************************************************************************************
2025-06-25 04:09:45,245 p=16310 u=tsalaberry n=ansible | ok: [localhost]
2025-06-25 04:09:45,250 p=16310 u=tsalaberry n=ansible | TASK [2do_parcial : Crear subcarpeta alumno] *******************************************************************************************************************************************
2025-06-25 04:09:45,493 p=16310 u=tsalaberry n=ansible | ok: [localhost]
2025-06-25 04:09:45,499 p=16310 u=tsalaberry n=ansible | TASK [2do_parcial : Crear subcarpeta equipo] *******************************************************************************************************************************************
2025-06-25 04:09:45,737 p=16310 u=tsalaberry n=ansible | ok: [localhost]
2025-06-25 04:09:45,746 p=16310 u=tsalaberry n=ansible | TASK [2do_parcial : Generar datos_alumno.txt desde la plantilla] ***********************************************************************************************************************
2025-06-25 04:09:46,361 p=16310 u=tsalaberry n=ansible | changed: [localhost]
2025-06-25 04:09:46,368 p=16310 u=tsalaberry n=ansible | TASK [2do_parcial : Generar datos_equipo.txt desde la plantilla] ***********************************************************************************************************************
2025-06-25 04:09:46,779 p=16310 u=tsalaberry n=ansible | changed: [localhost]
2025-06-25 04:09:46,788 p=16310 u=tsalaberry n=ansible | TASK [Otra tarea] **********************************************************************************************************************************************************************
2025-06-25 04:09:46,809 p=16310 u=tsalaberry n=ansible | ok: [localhost] => {
    "msg": "Despues de la ejecucion del rol"
}
2025-06-25 04:09:46,810 p=16310 u=tsalaberry n=ansible | PLAY RECAP *****************************************************************************************************************************************************************************
2025-06-25 04:09:46,811 p=16310 u=tsalaberry n=ansible | localhost                  : ok=9    changed=2    unreachable=0    failed=0    skipped=0    rescued=0    ignored=0   
2025-06-25 04:12:48,183 p=16767 u=tsalaberry n=ansible | [WARNING]: A duplicate localhost-like entry was found (localhost). First found localhost was 127.0.0.1

2025-06-25 04:12:48,307 p=16767 u=tsalaberry n=ansible | PLAY [produccion] **********************************************************************************************************************************************************************
2025-06-25 04:12:48,320 p=16767 u=tsalaberry n=ansible | TASK [Gathering Facts] *****************************************************************************************************************************************************************
2025-06-25 04:12:49,496 p=16767 u=tsalaberry n=ansible | [WARNING]: Platform linux on host localhost is using the discovered Python interpreter at /usr/bin/python3.12, but future installation of another Python interpreter could change the
meaning of that path. See https://docs.ansible.com/ansible-core/2.17/reference_appendices/interpreter_discovery.html for more information.

2025-06-25 04:12:49,496 p=16767 u=tsalaberry n=ansible | ok: [localhost]
2025-06-25 04:12:49,502 p=16767 u=tsalaberry n=ansible | TASK [include_role : 2do_parcial] ******************************************************************************************************************************************************
2025-06-25 04:12:49,524 p=16767 u=tsalaberry n=ansible | included: 2do_parcial for localhost
2025-06-25 04:12:49,534 p=16767 u=tsalaberry n=ansible | TASK [2do_parcial : debug] *************************************************************************************************************************************************************
2025-06-25 04:12:49,559 p=16767 u=tsalaberry n=ansible | ok: [localhost] => {
    "msg": "Tareas del 2do Parcial"
}
2025-06-25 04:12:49,567 p=16767 u=tsalaberry n=ansible | TASK [2do_parcial : Crear carpeta base /tmp/2do_parcial] *******************************************************************************************************************************
2025-06-25 04:12:49,977 p=16767 u=tsalaberry n=ansible | ok: [localhost]
2025-06-25 04:12:49,985 p=16767 u=tsalaberry n=ansible | TASK [2do_parcial : Crear subcarpeta alumno] *******************************************************************************************************************************************
2025-06-25 04:12:50,244 p=16767 u=tsalaberry n=ansible | ok: [localhost]
2025-06-25 04:12:50,251 p=16767 u=tsalaberry n=ansible | TASK [2do_parcial : Crear subcarpeta equipo] *******************************************************************************************************************************************
2025-06-25 04:12:50,494 p=16767 u=tsalaberry n=ansible | ok: [localhost]
2025-06-25 04:12:50,506 p=16767 u=tsalaberry n=ansible | TASK [2do_parcial : Generar datos_alumno.txt desde la plantilla] ***********************************************************************************************************************
2025-06-25 04:12:51,122 p=16767 u=tsalaberry n=ansible | changed: [localhost]
2025-06-25 04:12:51,127 p=16767 u=tsalaberry n=ansible | TASK [2do_parcial : Generar datos_equipo.txt desde la plantilla] ***********************************************************************************************************************
2025-06-25 04:12:51,543 p=16767 u=tsalaberry n=ansible | ok: [localhost]
2025-06-25 04:12:51,553 p=16767 u=tsalaberry n=ansible | TASK [Otra tarea] **********************************************************************************************************************************************************************
2025-06-25 04:12:51,573 p=16767 u=tsalaberry n=ansible | ok: [localhost] => {
    "msg": "Despues de la ejecucion del rol"
}
2025-06-25 04:12:51,576 p=16767 u=tsalaberry n=ansible | PLAY RECAP *****************************************************************************************************************************************************************************
2025-06-25 04:12:51,576 p=16767 u=tsalaberry n=ansible | localhost                  : ok=9    changed=1    unreachable=0    failed=0    skipped=0    rescued=0    ignored=0   
2025-06-25 04:16:27,657 p=17185 u=tsalaberry n=ansible | [WARNING]: A duplicate localhost-like entry was found (localhost). First found localhost was 127.0.0.1

2025-06-25 04:16:27,773 p=17185 u=tsalaberry n=ansible | PLAY [produccion] **********************************************************************************************************************************************************************
2025-06-25 04:16:27,780 p=17185 u=tsalaberry n=ansible | TASK [Gathering Facts] *****************************************************************************************************************************************************************
2025-06-25 04:16:29,028 p=17185 u=tsalaberry n=ansible | [WARNING]: Platform linux on host localhost is using the discovered Python interpreter at /usr/bin/python3.12, but future installation of another Python interpreter could change the
meaning of that path. See https://docs.ansible.com/ansible-core/2.17/reference_appendices/interpreter_discovery.html for more information.

2025-06-25 04:16:29,028 p=17185 u=tsalaberry n=ansible | ok: [localhost]
2025-06-25 04:16:29,034 p=17185 u=tsalaberry n=ansible | TASK [include_role : 2do_parcial] ******************************************************************************************************************************************************
2025-06-25 04:16:29,058 p=17185 u=tsalaberry n=ansible | included: 2do_parcial for localhost
2025-06-25 04:16:29,064 p=17185 u=tsalaberry n=ansible | TASK [2do_parcial : debug] *************************************************************************************************************************************************************
2025-06-25 04:16:29,085 p=17185 u=tsalaberry n=ansible | ok: [localhost] => {
    "msg": "Tareas del 2do Parcial"
}
2025-06-25 04:16:29,092 p=17185 u=tsalaberry n=ansible | TASK [2do_parcial : Crear carpeta base /tmp/2do_parcial] *******************************************************************************************************************************
2025-06-25 04:16:29,421 p=17185 u=tsalaberry n=ansible | ok: [localhost]
2025-06-25 04:16:29,436 p=17185 u=tsalaberry n=ansible | TASK [2do_parcial : Crear subcarpeta alumno] *******************************************************************************************************************************************
2025-06-25 04:16:29,660 p=17185 u=tsalaberry n=ansible | ok: [localhost]
2025-06-25 04:16:29,666 p=17185 u=tsalaberry n=ansible | TASK [2do_parcial : Crear subcarpeta equipo] *******************************************************************************************************************************************
2025-06-25 04:16:29,899 p=17185 u=tsalaberry n=ansible | ok: [localhost]
2025-06-25 04:16:29,905 p=17185 u=tsalaberry n=ansible | TASK [2do_parcial : Generar datos_alumno.txt desde la plantilla] ***********************************************************************************************************************
2025-06-25 04:16:30,427 p=17185 u=tsalaberry n=ansible | ok: [localhost]
2025-06-25 04:16:30,433 p=17185 u=tsalaberry n=ansible | TASK [2do_parcial : Generar datos_equipo.txt desde la plantilla] ***********************************************************************************************************************
2025-06-25 04:16:30,839 p=17185 u=tsalaberry n=ansible | ok: [localhost]
2025-06-25 04:16:30,848 p=17185 u=tsalaberry n=ansible | TASK [2do_parcial : Dar permisos de sudoers y permitir ejecutar sin contrase単a al usuario '2PSupervisores'] ****************************************************************************
2025-06-25 04:16:31,344 p=17185 u=tsalaberry n=ansible | changed: [localhost]
2025-06-25 04:16:31,356 p=17185 u=tsalaberry n=ansible | TASK [Otra tarea] **********************************************************************************************************************************************************************
2025-06-25 04:16:31,376 p=17185 u=tsalaberry n=ansible | ok: [localhost] => {
    "msg": "Despues de la ejecucion del rol"
}
2025-06-25 04:16:31,376 p=17185 u=tsalaberry n=ansible | PLAY RECAP *****************************************************************************************************************************************************************************
2025-06-25 04:16:31,376 p=17185 u=tsalaberry n=ansible | localhost                  : ok=10   changed=1    unreachable=0    failed=0    skipped=0    rescued=0    ignored=0   
2025-06-25 04:17:09,760 p=17563 u=tsalaberry n=ansible | [WARNING]: A duplicate localhost-like entry was found (localhost). First found localhost was 127.0.0.1

2025-06-25 04:17:09,876 p=17563 u=tsalaberry n=ansible | PLAY [produccion] **********************************************************************************************************************************************************************
2025-06-25 04:17:09,884 p=17563 u=tsalaberry n=ansible | TASK [Gathering Facts] *****************************************************************************************************************************************************************
2025-06-25 04:17:11,003 p=17563 u=tsalaberry n=ansible | [WARNING]: Platform linux on host localhost is using the discovered Python interpreter at /usr/bin/python3.12, but future installation of another Python interpreter could change the
meaning of that path. See https://docs.ansible.com/ansible-core/2.17/reference_appendices/interpreter_discovery.html for more information.

2025-06-25 04:17:11,003 p=17563 u=tsalaberry n=ansible | ok: [localhost]
2025-06-25 04:17:11,010 p=17563 u=tsalaberry n=ansible | TASK [include_role : 2do_parcial] ******************************************************************************************************************************************************
2025-06-25 04:17:11,034 p=17563 u=tsalaberry n=ansible | included: 2do_parcial for localhost
2025-06-25 04:17:11,053 p=17563 u=tsalaberry n=ansible | TASK [2do_parcial : debug] *************************************************************************************************************************************************************
2025-06-25 04:17:11,071 p=17563 u=tsalaberry n=ansible | ok: [localhost] => {
    "msg": "Tareas del 2do Parcial"
}
2025-06-25 04:17:11,080 p=17563 u=tsalaberry n=ansible | TASK [2do_parcial : Crear carpeta base /tmp/2do_parcial] *******************************************************************************************************************************
2025-06-25 04:17:11,393 p=17563 u=tsalaberry n=ansible | ok: [localhost]
2025-06-25 04:17:11,398 p=17563 u=tsalaberry n=ansible | TASK [2do_parcial : Crear subcarpeta alumno] *******************************************************************************************************************************************
2025-06-25 04:17:11,649 p=17563 u=tsalaberry n=ansible | ok: [localhost]
2025-06-25 04:17:11,655 p=17563 u=tsalaberry n=ansible | TASK [2do_parcial : Crear subcarpeta equipo] *******************************************************************************************************************************************
2025-06-25 04:17:11,887 p=17563 u=tsalaberry n=ansible | ok: [localhost]
2025-06-25 04:17:11,896 p=17563 u=tsalaberry n=ansible | TASK [2do_parcial : Generar datos_alumno.txt desde la plantilla] ***********************************************************************************************************************
2025-06-25 04:17:12,400 p=17563 u=tsalaberry n=ansible | ok: [localhost]
2025-06-25 04:17:12,406 p=17563 u=tsalaberry n=ansible | TASK [2do_parcial : Generar datos_equipo.txt desde la plantilla] ***********************************************************************************************************************
2025-06-25 04:17:12,853 p=17563 u=tsalaberry n=ansible | ok: [localhost]
2025-06-25 04:17:12,859 p=17563 u=tsalaberry n=ansible | TASK [2do_parcial : Dar permisos de sudoers y permitir ejecutar sin contrase単a al usuario '2PSupervisores'] ****************************************************************************
2025-06-25 04:17:13,386 p=17563 u=tsalaberry n=ansible | changed: [localhost]
2025-06-25 04:17:13,397 p=17563 u=tsalaberry n=ansible | TASK [Otra tarea] **********************************************************************************************************************************************************************
2025-06-25 04:17:13,418 p=17563 u=tsalaberry n=ansible | ok: [localhost] => {
    "msg": "Despues de la ejecucion del rol"
}
2025-06-25 04:17:13,423 p=17563 u=tsalaberry n=ansible | PLAY RECAP *****************************************************************************************************************************************************************************
2025-06-25 04:17:13,423 p=17563 u=tsalaberry n=ansible | localhost                  : ok=10   changed=1    unreachable=0    failed=0    skipped=0    rescued=0    ignored=0   
2025-06-25 04:17:48,028 p=17915 u=tsalaberry n=ansible | [WARNING]: A duplicate localhost-like entry was found (localhost). First found localhost was 127.0.0.1

2025-06-25 04:17:48,163 p=17915 u=tsalaberry n=ansible | PLAY [produccion] **********************************************************************************************************************************************************************
2025-06-25 04:17:48,173 p=17915 u=tsalaberry n=ansible | TASK [Gathering Facts] *****************************************************************************************************************************************************************
2025-06-25 04:17:49,354 p=17915 u=tsalaberry n=ansible | [WARNING]: Platform linux on host localhost is using the discovered Python interpreter at /usr/bin/python3.12, but future installation of another Python interpreter could change the
meaning of that path. See https://docs.ansible.com/ansible-core/2.17/reference_appendices/interpreter_discovery.html for more information.

2025-06-25 04:17:49,354 p=17915 u=tsalaberry n=ansible | ok: [localhost]
2025-06-25 04:17:49,359 p=17915 u=tsalaberry n=ansible | TASK [include_role : 2do_parcial] ******************************************************************************************************************************************************
2025-06-25 04:17:49,387 p=17915 u=tsalaberry n=ansible | included: 2do_parcial for localhost
2025-06-25 04:17:49,392 p=17915 u=tsalaberry n=ansible | TASK [2do_parcial : debug] *************************************************************************************************************************************************************
2025-06-25 04:17:49,409 p=17915 u=tsalaberry n=ansible | ok: [localhost] => {
    "msg": "Tareas del 2do Parcial"
}
2025-06-25 04:17:49,416 p=17915 u=tsalaberry n=ansible | TASK [2do_parcial : Crear carpeta base /tmp/2do_parcial] *******************************************************************************************************************************
2025-06-25 04:17:49,756 p=17915 u=tsalaberry n=ansible | ok: [localhost]
2025-06-25 04:17:49,763 p=17915 u=tsalaberry n=ansible | TASK [2do_parcial : Crear subcarpeta alumno] *******************************************************************************************************************************************
2025-06-25 04:17:50,021 p=17915 u=tsalaberry n=ansible | ok: [localhost]
2025-06-25 04:17:50,028 p=17915 u=tsalaberry n=ansible | TASK [2do_parcial : Crear subcarpeta equipo] *******************************************************************************************************************************************
2025-06-25 04:17:50,304 p=17915 u=tsalaberry n=ansible | ok: [localhost]
2025-06-25 04:17:50,309 p=17915 u=tsalaberry n=ansible | TASK [2do_parcial : Generar datos_alumno.txt desde la plantilla] ***********************************************************************************************************************
2025-06-25 04:17:50,822 p=17915 u=tsalaberry n=ansible | ok: [localhost]
2025-06-25 04:17:50,827 p=17915 u=tsalaberry n=ansible | TASK [2do_parcial : Generar datos_equipo.txt desde la plantilla] ***********************************************************************************************************************
2025-06-25 04:17:51,267 p=17915 u=tsalaberry n=ansible | ok: [localhost]
2025-06-25 04:17:51,273 p=17915 u=tsalaberry n=ansible | TASK [2do_parcial : Dar permisos de sudoers y permitir ejecutar sin contrase単a al usuario '2PSupervisores'] ****************************************************************************
2025-06-25 04:17:51,786 p=17915 u=tsalaberry n=ansible | changed: [localhost]
2025-06-25 04:17:51,796 p=17915 u=tsalaberry n=ansible | TASK [Otra tarea] **********************************************************************************************************************************************************************
2025-06-25 04:17:51,821 p=17915 u=tsalaberry n=ansible | ok: [localhost] => {
    "msg": "Despues de la ejecucion del rol"
}
2025-06-25 04:17:51,827 p=17915 u=tsalaberry n=ansible | PLAY RECAP *****************************************************************************************************************************************************************************
2025-06-25 04:17:51,828 p=17915 u=tsalaberry n=ansible | localhost                  : ok=10   changed=1    unreachable=0    failed=0    skipped=0    rescued=0    ignored=0   
2025-06-25 04:41:47,491 p=19020 u=tsalaberry n=ansible | [WARNING]: A duplicate localhost-like entry was found (localhost). First found localhost was 127.0.0.1

2025-06-25 04:41:47,626 p=19020 u=tsalaberry n=ansible | PLAY [produccion] **********************************************************************************************************************************************************************
2025-06-25 04:41:47,640 p=19020 u=tsalaberry n=ansible | TASK [Gathering Facts] *****************************************************************************************************************************************************************
2025-06-25 04:41:48,779 p=19020 u=tsalaberry n=ansible | [WARNING]: Platform linux on host localhost is using the discovered Python interpreter at /usr/bin/python3.12, but future installation of another Python interpreter could change the
meaning of that path. See https://docs.ansible.com/ansible-core/2.17/reference_appendices/interpreter_discovery.html for more information.

2025-06-25 04:41:48,779 p=19020 u=tsalaberry n=ansible | ok: [localhost]
2025-06-25 04:41:48,787 p=19020 u=tsalaberry n=ansible | TASK [include_role : 2do_parcial] ******************************************************************************************************************************************************
2025-06-25 04:41:48,829 p=19020 u=tsalaberry n=ansible | included: 2do_parcial for localhost
2025-06-25 04:41:48,836 p=19020 u=tsalaberry n=ansible | TASK [2do_parcial : debug] *************************************************************************************************************************************************************
2025-06-25 04:41:48,866 p=19020 u=tsalaberry n=ansible | ok: [localhost] => {
    "msg": "Tareas del 2do Parcial"
}
2025-06-25 04:41:48,872 p=19020 u=tsalaberry n=ansible | TASK [2do_parcial : Crear carpeta base /tmp/2do_parcial] *******************************************************************************************************************************
2025-06-25 04:41:49,205 p=19020 u=tsalaberry n=ansible | ok: [localhost]
2025-06-25 04:41:49,211 p=19020 u=tsalaberry n=ansible | TASK [2do_parcial : Crear subcarpeta alumno] *******************************************************************************************************************************************
2025-06-25 04:41:49,475 p=19020 u=tsalaberry n=ansible | ok: [localhost]
2025-06-25 04:41:49,481 p=19020 u=tsalaberry n=ansible | TASK [2do_parcial : Crear subcarpeta equipo] *******************************************************************************************************************************************
2025-06-25 04:41:49,729 p=19020 u=tsalaberry n=ansible | ok: [localhost]
2025-06-25 04:41:49,734 p=19020 u=tsalaberry n=ansible | TASK [2do_parcial : Generar datos_alumno.txt desde la plantilla] ***********************************************************************************************************************
2025-06-25 04:41:50,249 p=19020 u=tsalaberry n=ansible | ok: [localhost]
2025-06-25 04:41:50,255 p=19020 u=tsalaberry n=ansible | TASK [2do_parcial : Generar datos_equipo.txt desde la plantilla] ***********************************************************************************************************************
2025-06-25 04:41:50,708 p=19020 u=tsalaberry n=ansible | ok: [localhost]
2025-06-25 04:41:50,715 p=19020 u=tsalaberry n=ansible | TASK [2do_parcial : Dar permisos de sudoers y permitir ejecutar sin contrase単a al usuario '2PSupervisores'] ****************************************************************************
2025-06-25 04:41:51,191 p=19020 u=tsalaberry n=ansible | ok: [localhost]
2025-06-25 04:41:51,206 p=19020 u=tsalaberry n=ansible | TASK [Otra tarea] **********************************************************************************************************************************************************************
2025-06-25 04:41:51,224 p=19020 u=tsalaberry n=ansible | ok: [localhost] => {
    "msg": "Despues de la ejecucion del rol"
}
2025-06-25 04:41:51,227 p=19020 u=tsalaberry n=ansible | PLAY RECAP *****************************************************************************************************************************************************************************
2025-06-25 04:41:51,228 p=19020 u=tsalaberry n=ansible | localhost                  : ok=10   changed=0    unreachable=0    failed=0    skipped=0    rescued=0    ignored=0   
